<?xml version="1.0" encoding="UTF-8"?>
<!-- Generated by org.testng.reporters.JUnitXMLReporter -->
<testsuite ignored="0" hostname="MSDT053" failures="0" tests="3" name="Command line test" time="0.136" errors="0" timestamp="2022-09-14T15:47:21 IST">
  <testcase classname="Test.BaseClass" name="@BeforeClass Setup" time="-1.663150641745E9">
    <failure type="org.testng.TestNGException" message="
Parameter &amp;apos;browserName&amp;apos; is required by BeforeClass on method Setup but has not been marked @Optional or defined
">
      <![CDATA[org.testng.TestNGException: 
Parameter 'browserName' is required by BeforeClass on method Setup but has not been marked @Optional or defined

at java.base/java.util.ArrayList.forEach(ArrayList.java:1511)
... Removed 32 stack frames]]>
    </failure>
  </testcase> <!-- @BeforeClass Setup -->
  <testcase classname="Test.BaseClass" name="@AfterClass Logout" time="0.0">
    <skipped/>
  </testcase> <!-- @AfterClass Logout -->
  <testcase classname="Test.BaseClass" name="@BeforeClass Setup" time="-1.663150641823E9">
    <failure type="org.testng.TestNGException" message="
Parameter &amp;apos;browserName&amp;apos; is required by BeforeClass on method Setup but has not been marked @Optional or defined
">
      <![CDATA[org.testng.TestNGException: 
Parameter 'browserName' is required by BeforeClass on method Setup but has not been marked @Optional or defined

at java.base/java.util.ArrayList.forEach(ArrayList.java:1511)
... Removed 32 stack frames]]>
    </failure>
  </testcase> <!-- @BeforeClass Setup -->
  <testcase classname="Test.BaseClass" name="@AfterClass Logout" time="0.0">
    <skipped/>
  </testcase> <!-- @AfterClass Logout -->
  <testcase classname="Test.BaseClass" name="@BeforeClass Setup" time="-1.663150641838E9">
    <failure type="org.testng.TestNGException" message="
Parameter &amp;apos;browserName&amp;apos; is required by BeforeClass on method Setup but has not been marked @Optional or defined
">
      <![CDATA[org.testng.TestNGException: 
Parameter 'browserName' is required by BeforeClass on method Setup but has not been marked @Optional or defined

at java.base/java.util.ArrayList.forEach(ArrayList.java:1511)
... Removed 32 stack frames]]>
    </failure>
  </testcase> <!-- @BeforeClass Setup -->
  <testcase classname="Test.BaseClass" name="@AfterClass Logout" time="0.0">
    <skipped/>
  </testcase> <!-- @AfterClass Logout -->
  <testcase classname="Test.TestGiftCards" name="GiftCards" time="0.0">
    <skipped/>
  </testcase> <!-- GiftCards -->
  <testcase classname="Test.TestLogin" name="TestLoginAdmin" time="0.004">
    <skipped/>
  </testcase> <!-- TestLoginAdmin -->
  <testcase classname="Test.TestOrder" name="UserOrder" time="0.0">
    <skipped/>
  </testcase> <!-- UserOrder -->
</testsuite> <!-- Command line test -->
